2025-03-22 23:14:23.650 | INFO     | __main__:fill_tags:23 - Начало заполнения таблицы tags для категории 'Услуги'
2025-03-22 23:14:23.798 | INFO     | __main__:fill_tags:31 - Добавление нового тега: Ремонт и стройка в категорию Услуги
2025-03-22 23:14:23.805 | INFO     | __main__:fill_tags:31 - Добавление нового тега: Маркетинг в категорию Услуги
2025-03-22 23:14:23.808 | INFO     | __main__:fill_tags:31 - Добавление нового тега: Развлечения и отдых в категорию Услуги
2025-03-22 23:14:23.812 | INFO     | __main__:fill_tags:31 - Добавление нового тега: Для дома и быта в категорию Услуги
2025-03-22 23:14:23.815 | INFO     | __main__:fill_tags:31 - Добавление нового тега: Услуги для дома и быта в категорию Услуги
2025-03-22 23:14:23.818 | INFO     | __main__:fill_tags:31 - Добавление нового тега: Юрист/Бухгалтер в категорию Услуги
2025-03-22 23:14:23.820 | INFO     | __main__:fill_tags:31 - Добавление нового тега: Красота/Здоровье/Спорт в категорию Услуги
2025-03-22 23:14:23.823 | INFO     | __main__:fill_tags:31 - Добавление нового тега: Логистика в категорию Услуги
2025-03-22 23:14:23.823 | INFO     | __main__:fill_tags:36 - Сохранение изменений в базе данных
2025-03-22 23:14:23.826 | INFO     | __main__:fill_tags:38 - Заполнение таблицы tags завершено
2025-03-24 14:42:19.409 | INFO     | __main__:fill_tags:27 - Начало заполнения таблицы tags для категории 'Housing'
2025-03-24 14:42:19.596 | INFO     | __main__:fill_tags:35 - Добавление нового тега: Сдаю в категорию Housing
2025-03-24 14:42:19.609 | INFO     | __main__:fill_tags:35 - Добавление нового тега: Сниму в категорию Housing
2025-03-24 14:42:19.612 | INFO     | __main__:fill_tags:35 - Добавление нового тега: Продаю в категорию Housing
2025-03-24 14:42:19.615 | INFO     | __main__:fill_tags:35 - Добавление нового тега: Студия в категорию Housing
2025-03-24 14:42:19.620 | INFO     | __main__:fill_tags:35 - Добавление нового тега: Одна спальня в категорию Housing
2025-03-24 14:42:19.626 | INFO     | __main__:fill_tags:35 - Добавление нового тега: Две+ спальни в категорию Housing
2025-03-24 14:42:19.631 | INFO     | __main__:fill_tags:35 - Добавление нового тега: Дом в категорию Housing
2025-03-24 14:42:19.634 | INFO     | __main__:fill_tags:35 - Добавление нового тега: Земля в категорию Housing
2025-03-24 14:42:19.638 | INFO     | __main__:fill_tags:35 - Добавление нового тега: Коммерция в категорию Housing
2025-03-24 14:42:19.641 | INFO     | __main__:fill_tags:35 - Добавление нового тега: Новостройка в категорию Housing
2025-03-24 14:42:19.645 | INFO     | __main__:fill_tags:35 - Добавление нового тега: Куплю в категорию Housing
2025-03-24 14:42:19.648 | INFO     | __main__:fill_tags:35 - Добавление нового тега: Посуточно в категорию Housing
2025-03-24 14:42:19.649 | INFO     | __main__:fill_tags:40 - Сохранение изменений в базе данных
2025-03-24 14:42:19.653 | INFO     | __main__:fill_tags:42 - Заполнение таблицы tags завершено
